
12월 02, 2019 14:09:43.13 NEW SESSION
12월 02, 2019 14:09:43.13 [1202/140943.125:ERROR:crash_report_database_win.cc(469)] failed to stat report
12월 02, 2019 14:09:43.13 [1202/140943.126:ERROR:crash_report_database_win.cc(469)] failed to stat report
12월 02, 2019 14:09:43.13 [1202/140943.127:ERROR:crash_report_database_win.cc(469)] failed to stat report
12월 02, 2019 14:09:43.13 [1202/140943.127:ERROR:crash_report_database_win.cc(469)] failed to stat report
12월 02, 2019 14:09:43.14 [1202/140943.128:ERROR:crash_report_database_win.cc(469)] failed to stat report
12월 02, 2019 14:09:43.14 [1202/140943.128:ERROR:crash_report_database_win.cc(469)] failed to stat report
12월 02, 2019 14:09:43.14 [1202/140943.129:ERROR:crash_report_database_win.cc(469)] failed to stat report
12월 02, 2019 14:09:43.14 [1202/140943.129:ERROR:crash_report_database_win.cc(469)] failed to stat report
12월 02, 2019 14:11:00.36 [1202/141100.365:ERROR:crash_report_database_win.cc(469)] failed to stat report
12월 02, 2019 14:11:00.36 [1202/141100.366:ERROR:crash_report_database_win.cc(469)] failed to stat report
12월 02, 2019 14:11:00.36 [1202/141100.367:ERROR:crash_report_database_win.cc(469)] failed to stat report
12월 02, 2019 14:11:00.36 [1202/141100.367:ERROR:crash_report_database_win.cc(469)] failed to stat report
12월 02, 2019 14:11:00.37 [1202/141100.367:ERROR:crash_report_database_win.cc(469)] failed to stat report
12월 02, 2019 14:11:00.37 [1202/141100.367:ERROR:crash_report_database_win.cc(469)] failed to stat report
12월 02, 2019 14:11:00.37 [1202/141100.368:ERROR:crash_report_database_win.cc(469)] failed to stat report
12월 02, 2019 14:11:00.37 [1202/141100.368:ERROR:crash_report_database_win.cc(469)] failed to stat report
12월 02, 2019 14:13:51.59 [1202/141351.589:ERROR:crash_report_database_win.cc(469)] failed to stat report
12월 02, 2019 14:13:51.59 [1202/141351.590:ERROR:crash_report_database_win.cc(469)] failed to stat report
12월 02, 2019 14:13:51.59 [1202/141351.590:ERROR:crash_report_database_win.cc(469)] failed to stat report
12월 02, 2019 14:13:51.59 [1202/141351.590:ERROR:crash_report_database_win.cc(469)] failed to stat report
12월 02, 2019 14:13:51.59 [1202/141351.590:ERROR:crash_report_database_win.cc(469)] failed to stat report
12월 02, 2019 14:13:51.59 [1202/141351.590:ERROR:crash_report_database_win.cc(469)] failed to stat report
12월 02, 2019 14:13:51.59 [1202/141351.591:ERROR:crash_report_database_win.cc(469)] failed to stat report
12월 02, 2019 14:13:51.59 [1202/141351.591:ERROR:crash_report_database_win.cc(469)] failed to stat report
12월 02, 2019 14:14:48.83 [1202/141448.833:ERROR:crash_report_database_win.cc(469)] failed to stat report
12월 02, 2019 14:14:48.83 [1202/141448.833:ERROR:crash_report_database_win.cc(469)] failed to stat report
12월 02, 2019 14:14:48.83 [1202/141448.834:ERROR:crash_report_database_win.cc(469)] failed to stat report
12월 02, 2019 14:14:48.83 [1202/141448.834:ERROR:crash_report_database_win.cc(469)] failed to stat report
12월 02, 2019 14:14:48.83 [1202/141448.834:ERROR:crash_report_database_win.cc(469)] failed to stat report
12월 02, 2019 14:14:48.83 [1202/141448.834:ERROR:crash_report_database_win.cc(469)] failed to stat report
12월 02, 2019 14:14:48.83 [1202/141448.834:ERROR:crash_report_database_win.cc(469)] failed to stat report
12월 02, 2019 14:14:48.83 [1202/141448.834:ERROR:crash_report_database_win.cc(469)] failed to stat report
12월 02, 2019 14:18:22.77 [1202/141822.776:ERROR:crash_report_database_win.cc(469)] failed to stat report
12월 02, 2019 14:18:22.77 [1202/141822.777:ERROR:crash_report_database_win.cc(469)] failed to stat report
12월 02, 2019 14:18:22.77 [1202/141822.777:ERROR:crash_report_database_win.cc(469)] failed to stat report
12월 02, 2019 14:18:22.78 [1202/141822.778:ERROR:crash_report_database_win.cc(469)] failed to stat report
12월 02, 2019 14:18:22.78 [1202/141822.778:ERROR:crash_report_database_win.cc(469)] failed to stat report
12월 02, 2019 14:18:22.78 [1202/141822.778:ERROR:crash_report_database_win.cc(469)] failed to stat report
12월 02, 2019 14:18:22.78 [1202/141822.778:ERROR:crash_report_database_win.cc(469)] failed to stat report
12월 02, 2019 14:18:22.78 [1202/141822.779:ERROR:crash_report_database_win.cc(469)] failed to stat report
12월 02, 2019 14:33:18.94 [1202/143318.946:ERROR:crash_report_database_win.cc(469)] failed to stat report
12월 02, 2019 14:33:18.94 [1202/143318.947:ERROR:crash_report_database_win.cc(469)] failed to stat report
12월 02, 2019 14:33:18.94 [1202/143318.947:ERROR:crash_report_database_win.cc(469)] failed to stat report
12월 02, 2019 14:33:18.94 [1202/143318.947:ERROR:crash_report_database_win.cc(469)] failed to stat report
12월 02, 2019 14:33:18.95 [1202/143318.947:ERROR:crash_report_database_win.cc(469)] failed to stat report
12월 02, 2019 14:33:18.95 [1202/143318.947:ERROR:crash_report_database_win.cc(469)] failed to stat report
12월 02, 2019 14:33:18.95 [1202/143318.947:ERROR:crash_report_database_win.cc(469)] failed to stat report
12월 02, 2019 14:33:18.95 [1202/143318.947:ERROR:crash_report_database_win.cc(469)] failed to stat report

12월 02, 2019 14:38:11.18 NEW SESSION
12월 02, 2019 14:38:11.18 [1202/143811.179:ERROR:crash_report_database_win.cc(469)] failed to stat report
12월 02, 2019 14:38:11.18 [1202/143811.180:ERROR:crash_report_database_win.cc(469)] failed to stat report
12월 02, 2019 14:38:11.18 [1202/143811.180:ERROR:crash_report_database_win.cc(469)] failed to stat report
12월 02, 2019 14:38:11.18 [1202/143811.180:ERROR:crash_report_database_win.cc(469)] failed to stat report
12월 02, 2019 14:38:11.18 [1202/143811.181:ERROR:crash_report_database_win.cc(469)] failed to stat report
12월 02, 2019 14:38:11.18 [1202/143811.181:ERROR:crash_report_database_win.cc(469)] failed to stat report
12월 02, 2019 14:38:11.18 [1202/143811.181:ERROR:crash_report_database_win.cc(469)] failed to stat report
12월 02, 2019 14:38:11.18 [1202/143811.181:ERROR:crash_report_database_win.cc(469)] failed to stat report
12월 02, 2019 14:43:44.14 [1202/144344.144:ERROR:crash_report_database_win.cc(469)] failed to stat report
12월 02, 2019 14:43:44.14 [1202/144344.144:ERROR:crash_report_database_win.cc(469)] failed to stat report
12월 02, 2019 14:43:44.14 [1202/144344.144:ERROR:crash_report_database_win.cc(469)] failed to stat report
12월 02, 2019 14:43:44.14 [1202/144344.145:ERROR:crash_report_database_win.cc(469)] failed to stat report
12월 02, 2019 14:43:44.14 [1202/144344.145:ERROR:crash_report_database_win.cc(469)] failed to stat report
12월 02, 2019 14:43:44.14 [1202/144344.145:ERROR:crash_report_database_win.cc(469)] failed to stat report
12월 02, 2019 14:43:44.14 [1202/144344.145:ERROR:crash_report_database_win.cc(469)] failed to stat report
12월 02, 2019 14:43:44.14 [1202/144344.145:ERROR:crash_report_database_win.cc(469)] failed to stat report
12월 02, 2019 15:12:19.63 [1202/151219.628:ERROR:crash_report_database_win.cc(469)] failed to stat report
12월 02, 2019 15:12:19.63 [1202/151219.629:ERROR:crash_report_database_win.cc(469)] failed to stat report
12월 02, 2019 15:12:19.63 [1202/151219.629:ERROR:crash_report_database_win.cc(469)] failed to stat report
12월 02, 2019 15:12:19.63 [1202/151219.629:ERROR:crash_report_database_win.cc(469)] failed to stat report
12월 02, 2019 15:12:19.63 [1202/151219.629:ERROR:crash_report_database_win.cc(469)] failed to stat report
12월 02, 2019 15:12:19.63 [1202/151219.629:ERROR:crash_report_database_win.cc(469)] failed to stat report
12월 02, 2019 15:12:19.63 [1202/151219.629:ERROR:crash_report_database_win.cc(469)] failed to stat report
12월 02, 2019 15:12:19.63 [1202/151219.629:ERROR:crash_report_database_win.cc(469)] failed to stat report

12월 02, 2019 16:14:54.96 NEW SESSION
12월 02, 2019 16:14:54.96 [1202/161454.960:ERROR:crash_report_database_win.cc(469)] failed to stat report
12월 02, 2019 16:14:54.96 [1202/161454.960:ERROR:crash_report_database_win.cc(469)] failed to stat report
12월 02, 2019 16:14:54.96 [1202/161454.961:ERROR:crash_report_database_win.cc(469)] failed to stat report
12월 02, 2019 16:14:54.96 [1202/161454.961:ERROR:crash_report_database_win.cc(469)] failed to stat report
12월 02, 2019 16:14:54.96 [1202/161454.961:ERROR:crash_report_database_win.cc(469)] failed to stat report
12월 02, 2019 16:14:54.96 [1202/161454.961:ERROR:crash_report_database_win.cc(469)] failed to stat report
12월 02, 2019 16:14:54.96 [1202/161454.961:ERROR:crash_report_database_win.cc(469)] failed to stat report
12월 02, 2019 16:14:54.96 [1202/161454.961:ERROR:crash_report_database_win.cc(469)] failed to stat report
12월 02, 2019 16:20:37.64 [1202/162037.645:ERROR:crash_report_database_win.cc(469)] failed to stat report
12월 02, 2019 16:20:37.64 [1202/162037.645:ERROR:crash_report_database_win.cc(469)] failed to stat report
12월 02, 2019 16:20:37.64 [1202/162037.645:ERROR:crash_report_database_win.cc(469)] failed to stat report
12월 02, 2019 16:20:37.64 [1202/162037.646:ERROR:crash_report_database_win.cc(469)] failed to stat report
12월 02, 2019 16:20:37.64 [1202/162037.646:ERROR:crash_report_database_win.cc(469)] failed to stat report
12월 02, 2019 16:20:37.64 [1202/162037.646:ERROR:crash_report_database_win.cc(469)] failed to stat report
12월 02, 2019 16:20:37.64 [1202/162037.646:ERROR:crash_report_database_win.cc(469)] failed to stat report
12월 02, 2019 16:20:37.64 [1202/162037.646:ERROR:crash_report_database_win.cc(469)] failed to stat report
12월 02, 2019 16:20:48.24 [1202/162048.247:ERROR:crash_report_database_win.cc(469)] failed to stat report
12월 02, 2019 16:20:48.24 [1202/162048.249:ERROR:crash_report_database_win.cc(469)] failed to stat report
12월 02, 2019 16:20:48.25 [1202/162048.249:ERROR:crash_report_database_win.cc(469)] failed to stat report
12월 02, 2019 16:20:48.25 [1202/162048.249:ERROR:crash_report_database_win.cc(469)] failed to stat report
12월 02, 2019 16:20:48.25 [1202/162048.249:ERROR:crash_report_database_win.cc(469)] failed to stat report
12월 02, 2019 16:20:48.25 [1202/162048.249:ERROR:crash_report_database_win.cc(469)] failed to stat report
12월 02, 2019 16:20:48.25 [1202/162048.249:ERROR:crash_report_database_win.cc(469)] failed to stat report
12월 02, 2019 16:20:48.25 [1202/162048.249:ERROR:crash_report_database_win.cc(469)] failed to stat report
12월 02, 2019 16:35:37.95 [1202/163537.954:ERROR:crash_report_database_win.cc(469)] failed to stat report
12월 02, 2019 16:35:37.95 [1202/163537.955:ERROR:crash_report_database_win.cc(469)] failed to stat report
12월 02, 2019 16:35:37.95 [1202/163537.955:ERROR:crash_report_database_win.cc(469)] failed to stat report
12월 02, 2019 16:35:37.95 [1202/163537.955:ERROR:crash_report_database_win.cc(469)] failed to stat report
12월 02, 2019 16:35:37.95 [1202/163537.955:ERROR:crash_report_database_win.cc(469)] failed to stat report
12월 02, 2019 16:35:37.95 [1202/163537.955:ERROR:crash_report_database_win.cc(469)] failed to stat report
12월 02, 2019 16:35:37.95 [1202/163537.956:ERROR:crash_report_database_win.cc(469)] failed to stat report
12월 02, 2019 16:35:37.95 [1202/163537.956:ERROR:crash_report_database_win.cc(469)] failed to stat report

12월 31, 2021 17:28:55.02 NEW SESSION
12월 31, 2021 17:28:55.02 [14212:10296:1231/172855.009:ERROR:device_event_log_impl.cc(214)] [17:28:55.009] USB: usb_device_handle_win.cc:1048 Failed to read descriptor from node connection: 시스템에 부착된 장치가 작동하지 않습니다. (0x1F)
12월 31, 2021 17:28:55.02 [14212:9452:1231/172855.027:ERROR:chrome_browser_main_extra_parts_metrics.cc(226)] crbug.com/1216328: Checking Bluetooth availability started. Please report if there is no report that this ends.
12월 31, 2021 17:28:55.02 [14212:9452:1231/172855.028:ERROR:chrome_browser_main_extra_parts_metrics.cc(229)] crbug.com/1216328: Checking Bluetooth availability ended.
12월 31, 2021 17:28:55.03 [14212:9452:1231/172855.029:ERROR:chrome_browser_main_extra_parts_metrics.cc(232)] crbug.com/1216328: Checking default browser status started. Please report if there is no report that this ends.
12월 31, 2021 17:28:55.06 [14212:9452:1231/172855.067:ERROR:chrome_browser_main_extra_parts_metrics.cc(236)] crbug.com/1216328: Checking default browser status ended.
12월 31, 2021 18:35:46.38 [14212:10296:1231/183546.381:ERROR:interface_endpoint_client.cc(658)] Message 1 rejected by interface blink.mojom.WidgetHost
